<?xml version="1.0" encoding="UTF-8"?>
<!-- Generated by org.testng.reporters.JUnitReportReporter -->
<testsuite hostname="Ajays-MacBook-Air.local" failures="0" tests="1" name="com.infosys.testcases.LoginPageTest" time="26.440" errors="0" timestamp="2022-06-17T15:03:15 IST" skipped="0">
  <testcase classname="com.infosys.testcases.LoginPageTest" name="validateLoginTest" time="26.440"/>
  <system-out/>
</testsuite> <!-- com.infosys.testcases.LoginPageTest -->
